<?xml version="1.0" encoding="UTF-8"?>
<!-- Generated by org.testng.reporters.JUnitReportReporter -->
<testsuite hostname="m-c02f62usmd6n" failures="0" tests="1" name="testcases.Assignment14" time="11.708" errors="0" timestamp="2023-03-01T23:33:25 IST" skipped="0">
  <testcase classname="testcases.Assignment14" name="verifyLogin" time="11.708"/>
  <system-out>
    <![CDATA[thread Id is1
Enter email
Enter password
Click on sign in
URL is::https://freelance-learn-automation.vercel.app/
click on logout
URL is::https://freelance-learn-automation.vercel.app/login]]>
  </system-out>
</testsuite> <!-- testcases.Assignment14 -->
