<?xml version="1.0" encoding="UTF-8"?>
<!-- Generated by org.testng.reporters.JUnitReportReporter -->
<testsuite hostname="OMNamosrimannarayana" failures="0" tests="1" name="testcases.LoginTest" time="17.741" errors="0" timestamp="2024-08-28T13:50:49 IST" skipped="0">
  <testcase classname="testcases.LoginTest" name="loginToApplication" time="17.741"/>
</testsuite> <!-- testcases.LoginTest -->
