<?xml version="1.0" encoding="UTF-8"?>
<!-- Generated by org.testng.reporters.JUnitReportReporter -->
<testsuite hostname="DESKTOP-FKRNN9J" failures="0" tests="1" name="testcases.Logintest1" time="19.015" errors="0" timestamp="2023-04-23T22:06:02 IST" skipped="0">
  <testcase classname="testcases.Logintest1" name="loginintoapp" time="19.015"/>
  <system-out/>
</testsuite> <!-- testcases.Logintest1 -->
