<?xml version="1.0" encoding="UTF-8"?>
<!-- Generated by org.testng.reporters.JUnitReportReporter -->
<testsuite hostname="DESKTOP-FKRNN9J" failures="0" tests="2" name="testcases.usercreationtest" time="30.414" errors="0" timestamp="2023-04-24T08:18:54 IST" skipped="0">
  <testcase classname="testcases.usercreationtest" name="loginintoapp233" time="18.194"/>
  <system-out/>
  <testcase classname="testcases.usercreationtest" name="usercreation234" time="12.220"/>
  <system-out/>
</testsuite> <!-- testcases.usercreationtest -->
